Arguments: 
  /usr/local/Cellar/node/14.7.0/bin/node /usr/local/lib/node_modules/yarn/bin/yarn.js run start

PATH: 
  /usr/local/bin:/usr/bin:/bin:/usr/sbin:/sbin

Yarn version: 
  1.22.10

Node version: 
  14.7.0

Platform: 
  darwin x64

Trace: 
  SyntaxError: /Users/avi111/numerology/packages/numerology-functions/package.json: Unexpected token } in JSON at position 463
      at JSON.parse (<anonymous>)
      at /usr/local/lib/node_modules/yarn/lib/cli.js:1625:59
      at Generator.next (<anonymous>)
      at step (/usr/local/lib/node_modules/yarn/lib/cli.js:310:30)
      at /usr/local/lib/node_modules/yarn/lib/cli.js:321:13

npm manifest: 
  {
    "name": "@maya259/numerology-functions",
    "version": "1.0.0",
    "scripts": {
      "lint": "eslint \"src/**/*\"",
      "build": "tsc",
      "serve": "npm run build && firebase emulators:start --only functions",
      "shell": "npm run build && firebase functions:shell",
      "start": "npm run shell",
      "deploy": "firebase deploy --only functions",
      "logs": "firebase functions:log",
      "nvm": "export NVM_DIR=~/.nvm & source $(brew --prefix nvm)/nvm.sh",
    },
    "main": "lib/index.js",
    "dependencies": {
      "firebase-admin": "^9.2.0",
      "firebase-functions": "^3.11.0",
      "@maya259/numerology-engine": "^1.0.0"
    },
    "devDependencies": {
      "@typescript-eslint/eslint-plugin": "^3.9.1",
      "@typescript-eslint/parser": "^3.8.0",
      "eslint": "^7.6.0",
      "eslint-plugin-import": "^2.22.0",
      "typescript": "^3.8.0",
      "firebase-functions-test": "^0.2.0"
    },
    "private": true
  }

yarn manifest: 
  No manifest

Lockfile: 
  No lockfile
