Arguments: 
  /usr/local/bin/node /usr/local/lib/node_modules/yarn/bin/yarn.js install

PATH: 
  /Users/avilevkovich/google-cloud-sdk/bin:/usr/local/bin:/usr/bin:/bin:/usr/sbin:/sbin:/usr/local/go/bin:/usr/local/munki:/Library/Apple/usr/bin:/Applications/Wireshark.app/Contents/MacOS

Yarn version: 
  1.22.10

Node version: 
  14.16.0

Platform: 
  darwin x64

Trace: 
  SyntaxError: /Users/avilevkovich/Github/numerology/package.json: Unexpected token } in JSON at position 1802
      at JSON.parse (<anonymous>)
      at /usr/local/lib/node_modules/yarn/lib/cli.js:1625:59
      at Generator.next (<anonymous>)
      at step (/usr/local/lib/node_modules/yarn/lib/cli.js:310:30)
      at /usr/local/lib/node_modules/yarn/lib/cli.js:321:13

npm manifest: 
  {
      "name": "maya259",
      "version": "1.0.0",
      "author": "Avi Levkovich <avi111@gmail.com>",
      "repository": "https://github.com/avi111/numerology.git",
      "private": true,
      "workspaces": {
          "packages": [
              "packages/*"
          ],
          "nohoist": [
              "**/firebase-monorepo-core"
          ]
      },
      "scripts": {
          "workspace:build:core": "yarn workspace firebase-monorepo-core build",
          "workspace:pack:core": "yarn workspace firebase-monorepo-core pack",
          "workspace:build:functions": "yarn workspace firebase-monorepo-functions build",
          "workspace:build:web": "yarn workspace firebase-monorepo-web build",
          "workspace:start:core": "yarn workspace firebase-monorepo-core start",
          "workspace:start:functions": "yarn workspace firebase-monorepo-functions start",
          "workspace:start:web": "yarn workspace firebase-monorepo-web start",
          "build:core": "yarn workspace:build:core",
          "pack:core": "yarn workspace:pack:core",
          "build:functions": "run-s workspace:build:core workspace:build:functions",
          "build:web": "run-s workspace:build:core workspace:build:web",
          "start:core": "yarn workspace:build:core",
          "start:functions": "run-s workspace:build:core workspace:start:functions",
          "start:web": "run-s workspace:build:core workspace:start:web",
          "serve:web": "yarn workspace firebase-monorepo-web serve",
          "deploy:functions": "firebase deploy --only functions",
          "deploy:web": "firebase deploy --only hosting",
          "rimraf": "rm -rf node_modules"
      },
      "devDependencies": {
          "npm-run-all": "^4.1.5",
          "rimraf": "^3.0.2",
          "typescript": "^3.2.2"
      },
      "resolutions": {
          "**/@types/react": "16.4.14",
      }
  }

yarn manifest: 
  No manifest

Lockfile: 
  No lockfile
