[debug] [2021-03-27T21:34:33.867Z] ----------------------------------------------------------------------
[debug] [2021-03-27T21:34:33.868Z] Command:       /usr/local/bin/firebase /Users/avilevkovich/.cache/firebase/tools/lib/node_modules/firebase-tools/lib/bin/firebase deploy --only functions
[debug] [2021-03-27T21:34:33.868Z] CLI Version:   9.8.0
[debug] [2021-03-27T21:34:33.868Z] Platform:      darwin
[debug] [2021-03-27T21:34:33.868Z] Node Version:  v12.2.0
[debug] [2021-03-27T21:34:33.869Z] Time:          Sun Mar 28 2021 00:34:33 GMT+0300 (Israel Daylight Time)
[debug] [2021-03-27T21:34:33.869Z] ----------------------------------------------------------------------
[debug] 
[debug] [2021-03-27T21:34:33.876Z] > command requires scopes: ["email","openid","https://www.googleapis.com/auth/cloudplatformprojects.readonly","https://www.googleapis.com/auth/firebase","https://www.googleapis.com/auth/cloud-platform"]
[debug] [2021-03-27T21:34:33.876Z] > authorizing via signed-in user
[debug] [2021-03-27T21:34:33.876Z] [iam] checking project numerology-ae61d for permissions ["cloudfunctions.functions.create","cloudfunctions.functions.delete","cloudfunctions.functions.get","cloudfunctions.functions.list","cloudfunctions.functions.update","cloudfunctions.operations.get","firebase.projects.get"]
[debug] [2021-03-27T21:34:33.878Z] >>> HTTP REQUEST POST https://cloudresourcemanager.googleapis.com/v1/projects/numerology-ae61d:testIamPermissions  
 {"permissions":["cloudfunctions.functions.create","cloudfunctions.functions.delete","cloudfunctions.functions.get","cloudfunctions.functions.list","cloudfunctions.functions.update","cloudfunctions.operations.get","firebase.projects.get"]}
[debug] [2021-03-27T21:34:39.364Z] <<< HTTP RESPONSE 200 {"content-type":"application/json; charset=UTF-8","vary":"X-Origin, Referer, Origin,Accept-Encoding","date":"Sat, 27 Mar 2021 21:34:38 GMT","server":"ESF","cache-control":"private","x-xss-protection":"0","x-frame-options":"SAMEORIGIN","x-content-type-options":"nosniff","server-timing":"gfet4t7; dur=58","alt-svc":"h3-29=\":443\"; ma=2592000,h3-T051=\":443\"; ma=2592000,h3-Q050=\":443\"; ma=2592000,h3-Q046=\":443\"; ma=2592000,h3-Q043=\":443\"; ma=2592000,quic=\":443\"; ma=2592000; v=\"46,43\"","accept-ranges":"none","transfer-encoding":"chunked"}
[debug] [2021-03-27T21:34:39.365Z] >>> HTTP REQUEST POST https://iam.googleapis.com/v1/projects/numerology-ae61d/serviceAccounts/numerology-ae61d@appspot.gserviceaccount.com:testIamPermissions  
 {"permissions":["iam.serviceAccounts.actAs"]}
[debug] [2021-03-27T21:34:45.076Z] <<< HTTP RESPONSE 200 {"content-type":"application/json; charset=UTF-8","vary":"X-Origin, Referer, Origin,Accept-Encoding","date":"Sat, 27 Mar 2021 21:34:44 GMT","server":"ESF","cache-control":"private","x-xss-protection":"0","x-frame-options":"SAMEORIGIN","x-content-type-options":"nosniff","alt-svc":"h3-29=\":443\"; ma=2592000,h3-T051=\":443\"; ma=2592000,h3-Q050=\":443\"; ma=2592000,h3-Q046=\":443\"; ma=2592000,h3-Q043=\":443\"; ma=2592000,quic=\":443\"; ma=2592000; v=\"46,43\"","accept-ranges":"none","transfer-encoding":"chunked"}
[info] 
[info] === Deploying to 'numerology-ae61d'...
[info] 
[info] i  deploying functions 
[info] Running command: npm --prefix "$RESOURCE_DIR" run lint
[info] Running command: npm --prefix "$RESOURCE_DIR" run build
[info] ✔  functions: Finished running predeploy script. 
[info] i  functions: ensuring required API cloudfunctions.googleapis.com is enabled... 
[info] i  functions: ensuring required API cloudbuild.googleapis.com is enabled... 
[debug] [2021-03-27T21:34:58.306Z] >>> HTTP REQUEST GET https://serviceusage.googleapis.com/v1/projects/numerology-ae61d/services/cloudfunctions.googleapis.com  
 
[debug] [2021-03-27T21:34:58.306Z] >>> HTTP REQUEST GET https://serviceusage.googleapis.com/v1/projects/numerology-ae61d/services/runtimeconfig.googleapis.com  
 
[debug] [2021-03-27T21:34:58.306Z] >>> HTTP REQUEST GET https://serviceusage.googleapis.com/v1/projects/numerology-ae61d/services/cloudbuild.googleapis.com  
 
[debug] [2021-03-27T21:35:02.391Z] <<< HTTP RESPONSE 200 {"content-type":"application/json; charset=UTF-8","vary":"X-Origin, Referer, Origin,Accept-Encoding","date":"Sat, 27 Mar 2021 21:35:01 GMT","server":"ESF","cache-control":"private","x-xss-protection":"0","x-frame-options":"SAMEORIGIN","x-content-type-options":"nosniff","alt-svc":"h3-29=\":443\"; ma=2592000,h3-T051=\":443\"; ma=2592000,h3-Q050=\":443\"; ma=2592000,h3-Q046=\":443\"; ma=2592000,h3-Q043=\":443\"; ma=2592000,quic=\":443\"; ma=2592000; v=\"46,43\"","accept-ranges":"none","transfer-encoding":"chunked"}
[debug] [2021-03-27T21:35:03.020Z] <<< HTTP RESPONSE 200 {"content-type":"application/json; charset=UTF-8","vary":"X-Origin, Referer, Origin,Accept-Encoding","date":"Sat, 27 Mar 2021 21:35:01 GMT","server":"ESF","cache-control":"private","x-xss-protection":"0","x-frame-options":"SAMEORIGIN","x-content-type-options":"nosniff","alt-svc":"h3-29=\":443\"; ma=2592000,h3-T051=\":443\"; ma=2592000,h3-Q050=\":443\"; ma=2592000,h3-Q046=\":443\"; ma=2592000,h3-Q043=\":443\"; ma=2592000,quic=\":443\"; ma=2592000; v=\"46,43\"","accept-ranges":"none","transfer-encoding":"chunked"}
[info] ✔  functions: required API cloudbuild.googleapis.com is enabled 
[debug] [2021-03-27T21:35:03.358Z] <<< HTTP RESPONSE 200 {"content-type":"application/json; charset=UTF-8","vary":"X-Origin, Referer, Origin,Accept-Encoding","date":"Sat, 27 Mar 2021 21:35:01 GMT","server":"ESF","cache-control":"private","x-xss-protection":"0","x-frame-options":"SAMEORIGIN","x-content-type-options":"nosniff","alt-svc":"h3-29=\":443\"; ma=2592000,h3-T051=\":443\"; ma=2592000,h3-Q050=\":443\"; ma=2592000,h3-Q046=\":443\"; ma=2592000,h3-Q043=\":443\"; ma=2592000,quic=\":443\"; ma=2592000; v=\"46,43\"","accept-ranges":"none","transfer-encoding":"chunked"}
[info] ✔  functions: required API cloudfunctions.googleapis.com is enabled 
[debug] [2021-03-27T21:35:03.359Z] >>> HTTP REQUEST GET https://firebase.googleapis.com/v1beta1/projects/numerology-ae61d/adminSdkConfig  
 
[debug] [2021-03-27T21:35:11.865Z] <<< HTTP RESPONSE 200 {"content-type":"application/json; charset=UTF-8","vary":"X-Origin, Referer, Origin,Accept-Encoding","date":"Sat, 27 Mar 2021 21:35:11 GMT","server":"ESF","cache-control":"private","x-xss-protection":"0","x-frame-options":"SAMEORIGIN","x-content-type-options":"nosniff","alt-svc":"h3-29=\":443\"; ma=2592000,h3-T051=\":443\"; ma=2592000,h3-Q050=\":443\"; ma=2592000,h3-Q046=\":443\"; ma=2592000,h3-Q043=\":443\"; ma=2592000,quic=\":443\"; ma=2592000; v=\"46,43\"","accept-ranges":"none","transfer-encoding":"chunked"}
[info] i  functions: preparing functions directory for uploading... 
[debug] [2021-03-27T21:35:11.867Z] >>> HTTP REQUEST GET https://runtimeconfig.googleapis.com/v1beta1/projects/numerology-ae61d/configs  
 
[debug] [2021-03-27T21:35:17.215Z] <<< HTTP RESPONSE 200 {"content-type":"application/json; charset=UTF-8","vary":"X-Origin, Referer, Origin,Accept-Encoding","date":"Sat, 27 Mar 2021 21:35:16 GMT","server":"ESF","cache-control":"private","x-xss-protection":"0","x-frame-options":"SAMEORIGIN","x-content-type-options":"nosniff","alt-svc":"h3-29=\":443\"; ma=2592000,h3-T051=\":443\"; ma=2592000,h3-Q050=\":443\"; ma=2592000,h3-Q046=\":443\"; ma=2592000,h3-Q043=\":443\"; ma=2592000,quic=\":443\"; ma=2592000; v=\"46,43\"","accept-ranges":"none","transfer-encoding":"chunked"}
[info] i  functions: packaged functions (53.06 KB) for uploading 
[debug] [2021-03-27T21:35:17.448Z] > [functions] package.json contents: {
  "name": "functions",
  "scripts": {
    "lint": "eslint \"src/**/*\"",
    "build": "tsc",
    "serve": "npm run build && firebase emulators:start --only functions",
    "shell": "npm run build && firebase functions:shell",
    "start": "npm run shell",
    "deploy": "firebase deploy --only functions",
    "logs": "firebase functions:log",
    "rimraf": "rm -rf node_modules",
    "nvm": "export NVM_DIR=~/.nvm && source $(brew --prefix nvm)/nvm.sh"
  },
  "engines": {
    "node": "12"
  },
  "main": "lib/index.js",
  "dependencies": {
    "firebase-admin": "^9.2.0",
    "firebase-functions": "^3.11.0"
  },
  "devDependencies": {
    "@typescript-eslint/eslint-plugin": "^3.9.1",
    "@typescript-eslint/parser": "^3.8.0",
    "eslint": "^7.6.0",
    "eslint-plugin-import": "^2.22.0",
    "typescript": "^3.8.0",
    "firebase-functions-test": "^0.2.0"
  },
  "private": true,
  "eslintConfig": {
    "root": true
  }
}
[debug] [2021-03-27T21:35:17.449Z] >>> HTTP REQUEST GET https://cloudfunctions.googleapis.com/v1/projects/numerology-ae61d/locations/-/functions  
 
[debug] [2021-03-27T21:35:23.374Z] <<< HTTP RESPONSE 200 {"content-type":"application/json; charset=UTF-8","vary":"X-Origin, Referer, Origin,Accept-Encoding","date":"Sat, 27 Mar 2021 21:35:22 GMT","server":"ESF","cache-control":"private","x-xss-protection":"0","x-frame-options":"SAMEORIGIN","x-content-type-options":"nosniff","alt-svc":"h3-29=\":443\"; ma=2592000,h3-T051=\":443\"; ma=2592000,h3-Q050=\":443\"; ma=2592000,h3-Q046=\":443\"; ma=2592000,h3-Q043=\":443\"; ma=2592000,quic=\":443\"; ma=2592000; v=\"46,43\"","accept-ranges":"none","transfer-encoding":"chunked"}
[debug] [2021-03-27T21:35:23.375Z] [functions] found 1 new HTTP functions, testing setIamPolicy permission...
[debug] [2021-03-27T21:35:23.375Z] >>> HTTP REQUEST POST https://cloudresourcemanager.googleapis.com/v1/projects/numerology-ae61d:testIamPermissions  
 {"permissions":["cloudfunctions.functions.setIamPolicy"]}
[debug] [2021-03-27T21:35:27.161Z] <<< HTTP RESPONSE 200 {"content-type":"application/json; charset=UTF-8","vary":"X-Origin, Referer, Origin,Accept-Encoding","date":"Sat, 27 Mar 2021 21:35:26 GMT","server":"ESF","cache-control":"private","x-xss-protection":"0","x-frame-options":"SAMEORIGIN","x-content-type-options":"nosniff","server-timing":"gfet4t7; dur=65","alt-svc":"h3-29=\":443\"; ma=2592000,h3-T051=\":443\"; ma=2592000,h3-Q050=\":443\"; ma=2592000,h3-Q046=\":443\"; ma=2592000,h3-Q043=\":443\"; ma=2592000,quic=\":443\"; ma=2592000; v=\"46,43\"","accept-ranges":"none","transfer-encoding":"chunked"}
[debug] [2021-03-27T21:35:27.162Z] [functions] found setIamPolicy permission, proceeding with deploy
[debug] [2021-03-27T21:35:27.162Z] >>> HTTP REQUEST POST https://cloudfunctions.googleapis.com/v1/projects/numerology-ae61d/locations/us-central1/functions:generateUploadUrl  
 
[debug] [2021-03-27T21:35:31.513Z] <<< HTTP RESPONSE 200 {"content-type":"application/json; charset=UTF-8","vary":"X-Origin, Referer, Origin,Accept-Encoding","date":"Sat, 27 Mar 2021 21:35:31 GMT","server":"ESF","cache-control":"private","x-xss-protection":"0","x-frame-options":"SAMEORIGIN","x-content-type-options":"nosniff","alt-svc":"h3-29=\":443\"; ma=2592000,h3-T051=\":443\"; ma=2592000,h3-Q050=\":443\"; ma=2592000,h3-Q046=\":443\"; ma=2592000,h3-Q043=\":443\"; ma=2592000,quic=\":443\"; ma=2592000; v=\"46,43\"","accept-ranges":"none","transfer-encoding":"chunked"}
[debug] [2021-03-27T21:35:31.513Z] >>> HTTP REQUEST PUT https://storage.googleapis.com/gcf-upload-us-central1-a1bf32b0-51dd-4473-af42-c60957a78ef9/953f94a1-7d5c-4ccc-8bc8-52c3ccbe52c0.zip?GoogleAccessId=service-756589978042@gcf-admin-robot.iam.gserviceaccount.com&Expires=1616882730&Signature=fKwWugl4SgMPvBTkgn0TFdnOItDsADXAoywJy0844mauZ6p38C3BxfsKb%2BsGb4c0V3yzXz5fXKseg5jITuHN4sGwMrmHvRzaaFZNy0K9jbdFva52%2BSbc1jCfq5OqJbHXjczc8r6ZEM3mU11fwJHvP45KAbk9hudakEFA0WGqH1EYkSPwxPU0pdz4sgpGES6Pu9qmhNVDQWrWEpYqqHvE5ZMC4hTJThjPkxdbyVEY5MzBHO9rk%2BqBVGVkJMi46eG7Ls25puKH11Vq6%2FDRhqdXg0jBs3cgSeE7wQbUFelDw80poOI4uWtVI17nw9v52plAvG%2B4X7DGNRPc%2Bhje1%2FHbhw%3D%3D  
 <request body omitted>
[debug] [2021-03-27T21:35:40.100Z] <<< HTTP RESPONSE 200 {"x-guploader-uploadid":"ABg5-Ux3608SSINyTT2KbHn1XLStw2-SuO46k4vqnwy7_sif4A27HPUKiDbeBgNd1XozBW0eBTWD0gRjjmYVBe2Ocg","etag":"\"83770e7d80dac041db3b9162da8a02bc\"","x-goog-generation":"1616880939613263","x-goog-metageneration":"1","x-goog-hash":"crc32c=TV9CTQ==, md5=g3cOfYDawEHbO5Fi2ooCvA==","x-goog-stored-content-length":"54332","x-goog-stored-content-encoding":"identity","vary":"Origin","content-length":"0","date":"Sat, 27 Mar 2021 21:35:39 GMT","server":"UploadServer","content-type":"text/html; charset=UTF-8","alt-svc":"h3-29=\":443\"; ma=2592000,h3-T051=\":443\"; ma=2592000,h3-Q050=\":443\"; ma=2592000,h3-Q046=\":443\"; ma=2592000,h3-Q043=\":443\"; ma=2592000,quic=\":443\"; ma=2592000; v=\"46,43\""}
[info] ✔  functions: functions folder uploaded successfully 
[info] i  functions: creating Node.js 12 function addMessage(us-central1)... 
[debug] [2021-03-27T21:35:40.104Z] >>> HTTP REQUEST POST https://cloudfunctions.googleapis.com/v1/projects/numerology-ae61d/locations/us-central1/functions  
 {"sourceUploadUrl":"https://storage.googleapis.com/gcf-upload-us-central1-a1bf32b0-51dd-4473-af42-c60957a78ef9/953f94a1-7d5c-4ccc-8bc8-52c3ccbe52c0.zip?GoogleAccessId=service-756589978042@gcf-admin-robot.iam.gserviceaccount.com&Expires=1616882730&Signature=fKwWugl4SgMPvBTkgn0TFdnOItDsADXAoywJy0844mauZ6p38C3BxfsKb%2BsGb4c0V3yzXz5fXKseg5jITuHN4sGwMrmHvRzaaFZNy0K9jbdFva52%2BSbc1jCfq5OqJbHXjczc8r6ZEM3mU11fwJHvP45KAbk9hudakEFA0WGqH1EYkSPwxPU0pdz4sgpGES6Pu9qmhNVDQWrWEpYqqHvE5ZMC4hTJThjPkxdbyVEY5MzBHO9rk%2BqBVGVkJMi46eG7Ls25puKH11Vq6%2FDRhqdXg0jBs3cgSeE7wQbUFelDw80poOI4uWtVI17nw9v52plAvG%2B4X7DGNRPc%2Bhje1%2FHbhw%3D%3D","name":"projects/numerology-ae61d/locations/us-central1/functions/addMessage","entryPoint":"addMessage","labels":{"deployment-tool":"cli-firebase","deployment-callable":"true"},"runtime":"nodejs12","environmentVariables":{"FIREBASE_CONFIG":"{\"projectId\":\"numerology-ae61d\",\"databaseURL\":\"https://numerology-ae61d.firebaseio.com\",\"storageBucket\":\"numerology-ae61d.appspot.com\",\"locationId\":\"europe-west\"}"},"httpsTrigger":{}}
[debug] [2021-03-27T21:35:44.183Z] <<< HTTP RESPONSE 200 {"content-type":"application/json; charset=UTF-8","vary":"X-Origin, Referer, Origin,Accept-Encoding","date":"Sat, 27 Mar 2021 21:35:43 GMT","server":"ESF","cache-control":"private","x-xss-protection":"0","x-frame-options":"SAMEORIGIN","x-content-type-options":"nosniff","alt-svc":"h3-29=\":443\"; ma=2592000,h3-T051=\":443\"; ma=2592000,h3-Q050=\":443\"; ma=2592000,h3-Q046=\":443\"; ma=2592000,h3-Q043=\":443\"; ma=2592000,quic=\":443\"; ma=2592000; v=\"46,43\"","accept-ranges":"none","transfer-encoding":"chunked"}
[debug] [2021-03-27T21:35:44.185Z] > refreshing access token with scopes: []
[debug] [2021-03-27T21:35:44.186Z] >>> HTTP REQUEST POST https://www.googleapis.com/oauth2/v3/token  
 <request body omitted>
[debug] [2021-03-27T21:35:49.311Z] <<< HTTP RESPONSE 200 {"date":"Sat, 27 Mar 2021 21:35:48 GMT","pragma":"no-cache","expires":"Mon, 01 Jan 1990 00:00:00 GMT","cache-control":"no-cache, no-store, max-age=0, must-revalidate","content-type":"application/json; charset=utf-8","vary":"X-Origin, Referer, Origin,Accept-Encoding","server":"scaffolding on HTTPServer2","x-xss-protection":"0","x-frame-options":"SAMEORIGIN","x-content-type-options":"nosniff","alt-svc":"h3-29=\":443\"; ma=2592000,h3-T051=\":443\"; ma=2592000,h3-Q050=\":443\"; ma=2592000,h3-Q046=\":443\"; ma=2592000,h3-Q043=\":443\"; ma=2592000,quic=\":443\"; ma=2592000; v=\"46,43\"","accept-ranges":"none","transfer-encoding":"chunked"}
[debug] [2021-03-27T21:35:49.341Z] >>> [apiv2][query] GET https://cloudfunctions.googleapis.com/v1/operations/bnVtZXJvbG9neS1hZTYxZC91cy1jZW50cmFsMS9hZGRNZXNzYWdlL05zcW9QMnA0MnNr [none]
[debug] [2021-03-27T21:35:52.708Z] <<< [apiv2][status] GET https://cloudfunctions.googleapis.com/v1/operations/bnVtZXJvbG9neS1hZTYxZC91cy1jZW50cmFsMS9hZGRNZXNzYWdlL05zcW9QMnA0MnNr 200
[debug] [2021-03-27T21:35:52.708Z] <<< [apiv2][body] GET https://cloudfunctions.googleapis.com/v1/operations/bnVtZXJvbG9neS1hZTYxZC91cy1jZW50cmFsMS9hZGRNZXNzYWdlL05zcW9QMnA0MnNr {"name":"operations/bnVtZXJvbG9neS1hZTYxZC91cy1jZW50cmFsMS9hZGRNZXNzYWdlL05zcW9QMnA0MnNr","metadata":{"@type":"type.googleapis.com/google.cloud.functions.v1.OperationMetadataV1","target":"projects/numerology-ae61d/locations/us-central1/functions/addMessage","type":"CREATE_FUNCTION","request":{"@type":"type.googleapis.com/google.cloud.functions.v1.CloudFunction","name":"projects/numerology-ae61d/locations/us-central1/functions/addMessage","httpsTrigger":{},"entryPoint":"addMessage","labels":{"deployment-tool":"cli-firebase","deployment-callable":"true"},"sourceUploadUrl":"https://storage.googleapis.com/gcf-upload-us-central1-a1bf32b0-51dd-4473-af42-c60957a78ef9/953f94a1-7d5c-4ccc-8bc8-52c3ccbe52c0.zip?GoogleAccessId=service-756589978042@gcf-admin-robot.iam.gserviceaccount.com&Expires=1616882730&Signature=fKwWugl4SgMPvBTkgn0TFdnOItDsADXAoywJy0844mauZ6p38C3BxfsKb%2BsGb4c0V3yzXz5fXKseg5jITuHN4sGwMrmHvRzaaFZNy0K9jbdFva52%2BSbc1jCfq5OqJbHXjczc8r6ZEM3mU11fwJHvP45KAbk9hudakEFA0WGqH1EYkSPwxPU0pdz4sgpGES6Pu9qmhNVDQWrWEpYqqHvE5ZMC4hTJThjPkxdbyVEY5MzBHO9rk%2BqBVGVkJMi46eG7Ls25puKH11Vq6%2FDRhqdXg0jBs3cgSeE7wQbUFelDw80poOI4uWtVI17nw9v52plAvG%2B4X7DGNRPc%2Bhje1%2FHbhw%3D%3D","environmentVariables":{"FIREBASE_CONFIG":"{\"projectId\":\"numerology-ae61d\",\"databaseURL\":\"https://numerology-ae61d.firebaseio.com\",\"storageBucket\":\"numerology-ae61d.appspot.com\",\"locationId\":\"europe-west\"}"},"runtime":"nodejs12"},"versionId":"1","updateTime":"2021-03-27T21:35:43Z","buildId":"15823441-541b-4b87-ac2a-56036caa178b"}}
[debug] [2021-03-27T21:35:53.212Z] [create-projects/numerology-ae61d/locations/us-central1/functions/addMessage] Retrying task index 0
[debug] [2021-03-27T21:35:53.213Z] >>> [apiv2][query] GET https://cloudfunctions.googleapis.com/v1/operations/bnVtZXJvbG9neS1hZTYxZC91cy1jZW50cmFsMS9hZGRNZXNzYWdlL05zcW9QMnA0MnNr [none]
[debug] [2021-03-27T21:35:56.587Z] <<< [apiv2][status] GET https://cloudfunctions.googleapis.com/v1/operations/bnVtZXJvbG9neS1hZTYxZC91cy1jZW50cmFsMS9hZGRNZXNzYWdlL05zcW9QMnA0MnNr 200
[debug] [2021-03-27T21:35:56.587Z] <<< [apiv2][body] GET https://cloudfunctions.googleapis.com/v1/operations/bnVtZXJvbG9neS1hZTYxZC91cy1jZW50cmFsMS9hZGRNZXNzYWdlL05zcW9QMnA0MnNr {"name":"operations/bnVtZXJvbG9neS1hZTYxZC91cy1jZW50cmFsMS9hZGRNZXNzYWdlL05zcW9QMnA0MnNr","metadata":{"@type":"type.googleapis.com/google.cloud.functions.v1.OperationMetadataV1","target":"projects/numerology-ae61d/locations/us-central1/functions/addMessage","type":"CREATE_FUNCTION","request":{"@type":"type.googleapis.com/google.cloud.functions.v1.CloudFunction","name":"projects/numerology-ae61d/locations/us-central1/functions/addMessage","httpsTrigger":{},"entryPoint":"addMessage","labels":{"deployment-tool":"cli-firebase","deployment-callable":"true"},"sourceUploadUrl":"https://storage.googleapis.com/gcf-upload-us-central1-a1bf32b0-51dd-4473-af42-c60957a78ef9/953f94a1-7d5c-4ccc-8bc8-52c3ccbe52c0.zip?GoogleAccessId=service-756589978042@gcf-admin-robot.iam.gserviceaccount.com&Expires=1616882730&Signature=fKwWugl4SgMPvBTkgn0TFdnOItDsADXAoywJy0844mauZ6p38C3BxfsKb%2BsGb4c0V3yzXz5fXKseg5jITuHN4sGwMrmHvRzaaFZNy0K9jbdFva52%2BSbc1jCfq5OqJbHXjczc8r6ZEM3mU11fwJHvP45KAbk9hudakEFA0WGqH1EYkSPwxPU0pdz4sgpGES6Pu9qmhNVDQWrWEpYqqHvE5ZMC4hTJThjPkxdbyVEY5MzBHO9rk%2BqBVGVkJMi46eG7Ls25puKH11Vq6%2FDRhqdXg0jBs3cgSeE7wQbUFelDw80poOI4uWtVI17nw9v52plAvG%2B4X7DGNRPc%2Bhje1%2FHbhw%3D%3D","environmentVariables":{"FIREBASE_CONFIG":"{\"projectId\":\"numerology-ae61d\",\"databaseURL\":\"https://numerology-ae61d.firebaseio.com\",\"storageBucket\":\"numerology-ae61d.appspot.com\",\"locationId\":\"europe-west\"}"},"runtime":"nodejs12"},"versionId":"1","updateTime":"2021-03-27T21:35:43Z","buildId":"15823441-541b-4b87-ac2a-56036caa178b"}}
[debug] [2021-03-27T21:35:57.589Z] [create-projects/numerology-ae61d/locations/us-central1/functions/addMessage] Retrying task index 0
[debug] [2021-03-27T21:35:57.589Z] >>> [apiv2][query] GET https://cloudfunctions.googleapis.com/v1/operations/bnVtZXJvbG9neS1hZTYxZC91cy1jZW50cmFsMS9hZGRNZXNzYWdlL05zcW9QMnA0MnNr [none]
